XvXvDoctor/app/build/outputs/logs/manifest-merger-debug-report.txt
-- Merging decision tree log ---
provider#android.support.v4.content.FileProvider
INJECTED from src\main\AndroidManifest.xml:290:9-298:20
	android:grantUriPermissions
		ADDED from src\main\AndroidManifest.xml:294:13-47
	android:authorities
		INJECTED from src\main\AndroidManifest.xml
		ADDED from src\main\AndroidManifest.xml:292:13-60
	android:exported
		ADDED from src\main\AndroidManifest.xml:293:13-37
	android:name
		ADDED from src\main\AndroidManifest.xml:291:13-67
manifest
ADDED from src\main\AndroidManifest.xml:2:1-301:12
INJECTED from src\main\AndroidManifest.xml:2:1-301:12
INJECTED from src\main\AndroidManifest.xml:2:1-301:12
INJECTED from src\main\AndroidManifest.xml:2:1-301:12
MERGED from [:chatlibrary] AndroidManifest.xml:2:1-11:12
MERGED from [:reclib-testemoticons] AndroidManifest.xml:2:1-10:12
MERGED from [com.android.support:multidex:1.0.2] AndroidManifest.xml:17:1-22:12
MERGED from [:reclib-qq] AndroidManifest.xml:2:1-17:12
MERGED from [com.liaoinstan.springview:library:1.5.0] AndroidManifest.xml:2:1-17:12
MERGED from [com.github.gittjy:LoadingDialog:1.0.2] AndroidManifest.xml:2:1-17:12
MERGED from [com.baoyz.actionsheet:library:1.1.7] AndroidManifest.xml:2:1-11:12
MERGED from [liji.library.dev:citypickerview:1.1.0] AndroidManifest.xml:2:1-19:12
MERGED from [com.android.support:design:27.1.0] AndroidManifest.xml:17:1-22:12
MERGED from [com.android.support:appcompat-v7:27.1.0] AndroidManifest.xml:17:1-22:12
MERGED from [com.android.support.constraint:constraint-layout:1.1.2] AndroidManifest.xml:2:1-11:12
MERGED from [com.makeramen:roundedimageview:2.2.1] AndroidManifest.xml:2:1-9:12
MERGED from [com.mylhyl:circleDialog:2.6.6] AndroidManifest.xml:2:1-13:12
MERGED from [io.reactivex:rxandroid:1.2.1] AndroidManifest.xml:15:1-21:12
MERGED from [com.contrarywind:Android-PickerView:3.2.6] AndroidManifest.xml:2:1-11:12
MERGED from [cn.finalteam:galleryfinal:1.4.8.7] AndroidManifest.xml:2:1-36:12
MERGED from [cn.jiguang.sdk:jmessage:2.7.0] AndroidManifest.xml:2:1-121:12
MERGED from [cn.jiguang.sdk:jcore:1.2.3] AndroidManifest.xml:2:1-14:12
MERGED from [com.github.chrisbanes:PhotoView:2.3.0] AndroidManifest.xml:2:1-11:12
MERGED from [com.github.w446108264:AndroidEmoji:1.3] AndroidManifest.xml:2:1-10:12
MERGED from [com.hyman:flowlayout-lib:1.1.2] AndroidManifest.xml:2:1-12:12
MERGED from [com.android.support:cardview-v7:26.1.0] AndroidManifest.xml:17:1-28:12
MERGED from [com.github.mcxtzhang:SwipeDelMenuLayout:V1.3.0] AndroidManifest.xml:2:1-13:12
MERGED from [cn.finalteam:toolsfinal:1.1.5] AndroidManifest.xml:2:1-28:12
MERGED from [com.github.chrisbanes.photoview:library:1.2.4] AndroidManifest.xml:2:1-11:12
MERGED from [com.facebook.fresco:fresco:0.8.1] AndroidManifest.xml:2:1-9:12
MERGED from [com.facebook.fresco:imagepipeline:0.8.1] AndroidManifest.xml:2:1-9:12
MERGED from [com.facebook.fresco:drawee:0.8.1] AndroidManifest.xml:2:1-9:12
MERGED from [com.android.support:support-v4:27.1.0] AndroidManifest.xml:17:1-22:12
MERGED from [com.android.support:support-fragment:27.1.0] AndroidManifest.xml:17:1-22:12
MERGED from [com.android.support:animated-vector-drawable:27.1.0] AndroidManifest.xml:17:1-22:12
MERGED from [com.android.support:recyclerview-v7:27.1.0] AndroidManifest.xml:17:1-22:12
MERGED from [com.android.support:support-core-ui:27.1.0] AndroidManifest.xml:17:1-22:12
MERGED from [com.android.support:support-core-utils:27.1.0] AndroidManifest.xml:17:1-22:12
MERGED from [com.android.support:support-media-compat:27.1.0] AndroidManifest.xml:17:1-22:12
MERGED from [com.android.support:support-vector-drawable:27.1.0] AndroidManifest.xml:17:1-22:12
MERGED from [com.android.support:transition:27.1.0] AndroidManifest.xml:17:1-22:12
MERGED from [com.android.support:support-compat:27.1.0] AndroidManifest.xml:17:1-22:12
MERGED from [androidx.appcompat:appcompat:1.0.0] AndroidManifest.xml:17:1-22:12
MERGED from [androidx.fragment:fragment:1.0.0] AndroidManifest.xml:17:1-22:12
MERGED from [androidx.vectordrawable:vectordrawable-animated:1.0.0] AndroidManifest.xml:17:1-22:12
MERGED from [androidx.legacy:legacy-support-core-ui:1.0.0] AndroidManifest.xml:17:1-22:12
MERGED from [androidx.legacy:legacy-support-core-utils:1.0.0] AndroidManifest.xml:17:1-22:12
MERGED from [androidx.vectordrawable:vectordrawable:1.0.0] AndroidManifest.xml:17:1-22:12
MERGED from [androidx.loader:loader:1.0.0] AndroidManifest.xml:17:1-22:12
MERGED from [androidx.viewpager:viewpager:1.0.0] AndroidManifest.xml:17:1-22:12
MERGED from [androidx.coordinatorlayout:coordinatorlayout:1.0.0] AndroidManifest.xml:17:1-22:12
MERGED from [androidx.drawerlayout:drawerlayout:1.0.0] AndroidManifest.xml:17:1-22:12
MERGED from [androidx.slidingpanelayout:slidingpanelayout:1.0.0] AndroidManifest.xml:17:1-22:12
MERGED from [androidx.customview:customview:1.0.0] AndroidManifest.xml:17:1-22:12
MERGED from [androidx.swiperefreshlayout:swiperefreshlayout:1.0.0] AndroidManifest.xml:17:1-22:12
MERGED from [androidx.asynclayoutinflater:asynclayoutinflater:1.0.0] AndroidManifest.xml:17:1-22:12
MERGED from [androidx.core:core:1.0.0] AndroidManifest.xml:17:1-24:12
MERGED from [androidx.versionedparcelable:versionedparcelable:1.0.0] AndroidManifest.xml:17:1-25:12
MERGED from [androidx.cursoradapter:cursoradapter:1.0.0] AndroidManifest.xml:17:1-22:12
MERGED from [androidx.lifecycle:lifecycle-runtime:2.0.0] AndroidManifest.xml:17:1-22:12
MERGED from [androidx.documentfile:documentfile:1.0.0] AndroidManifest.xml:17:1-22:12
MERGED from [androidx.localbroadcastmanager:localbroadcastmanager:1.0.0] AndroidManifest.xml:17:1-22:12
MERGED from [androidx.print:print:1.0.0] AndroidManifest.xml:17:1-22:12
MERGED from [androidx.lifecycle:lifecycle-viewmodel:2.0.0] AndroidManifest.xml:17:1-22:12
MERGED from [androidx.lifecycle:lifecycle-livedata:2.0.0] AndroidManifest.xml:17:1-22:12
MERGED from [androidx.lifecycle:lifecycle-livedata-core:2.0.0] AndroidManifest.xml:17:1-22:12
MERGED from [androidx.arch.core:core-runtime:2.0.0] AndroidManifest.xml:17:1-22:12
MERGED from [androidx.interpolator:interpolator:1.0.0] AndroidManifest.xml:17:1-22:12
MERGED from [com.facebook.fresco:fbcore:0.8.1] AndroidManifest.xml:2:1-9:12
MERGED from [android.arch.lifecycle:runtime:1.1.0] AndroidManifest.xml:17:1-22:12
MERGED from [android.arch.lifecycle:livedata-core:1.1.0] AndroidManifest.xml:17:1-22:12
MERGED from [android.arch.core:runtime:1.1.0] AndroidManifest.xml:17:1-22:12
MERGED from [android.arch.lifecycle:viewmodel:1.1.0] AndroidManifest.xml:17:1-22:12
INJECTED from src\main\AndroidManifest.xml:2:1-301:12
INJECTED from src\main\AndroidManifest.xml:2:1-301:12
INJECTED from src\main\AndroidManifest.xml:2:1-301:12
	package
		ADDED from src\main\AndroidManifest.xml:4:5-30
		INJECTED from src\main\AndroidManifest.xml
		INJECTED from src\main\AndroidManifest.xml
	android:versionName
		INJECTED from src\main\AndroidManifest.xml
		ADDED from src\main\AndroidManifest.xml:2:1-301:12
		INJECTED from src\main\AndroidManifest.xml
	xmlns:tools
		ADDED from src\main\AndroidManifest.xml:3:5-51
	android:versionCode
		INJECTED from src\main\AndroidManifest.xml
		ADDED from src\main\AndroidManifest.xml:2:1-301:12
		INJECTED from src\main\AndroidManifest.xml
	xmlns:android
		ADDED from src\main\AndroidManifest.xml:2:11-69
permission#cn.com.xxdoctor.permission.JPUSH_MESSAGE
ADDED from src\main\AndroidManifest.xml:6:5-8:47
MERGED from [cn.jiguang.sdk:jmessage:2.7.0] AndroidManifest.xml:11:5-13:47
	android:protectionLevel
		ADDED from src\main\AndroidManifest.xml:8:9-44
	android:name
		ADDED from src\main\AndroidManifest.xml:7:9-64
uses-permission#cn.com.xxdoctor.permission.JPUSH_MESSAGE
ADDED from src\main\AndroidManifest.xml:11:5-80
MERGED from [cn.jiguang.sdk:jmessage:2.7.0] AndroidManifest.xml:16:5-81
	android:name
		ADDED from src\main\AndroidManifest.xml:11:22-77
uses-permission#android.permission.RECEIVE_USER_PRESENT
ADDED from src\main\AndroidManifest.xml:12:5-79
MERGED from [cn.jiguang.sdk:jmessage:2.7.0] AndroidManifest.xml:17:5-79
MERGED from [cn.jiguang.sdk:jmessage:2.7.0] AndroidManifest.xml:17:5-79
	android:name
		ADDED from src\main\AndroidManifest.xml:12:22-76
uses-permission#android.permission.INTERNET
ADDED from src\main\AndroidManifest.xml:13:5-67
MERGED from [cn.jiguang.sdk:jmessage:2.7.0] AndroidManifest.xml:18:5-67
MERGED from [cn.jiguang.sdk:jmessage:2.7.0] AndroidManifest.xml:18:5-67
	android:name
		ADDED from src\main\AndroidManifest.xml:13:22-64
uses-permission#android.permission.WAKE_LOCK
ADDED from src\main\AndroidManifest.xml:14:5-68
MERGED from [cn.jiguang.sdk:jmessage:2.7.0] AndroidManifest.xml:19:5-68
MERGED from [cn.jiguang.sdk:jmessage:2.7.0] AndroidManifest.xml:19:5-68
	android:name
		ADDED from src\main\AndroidManifest.xml:14:22-65
uses-permission#android.permission.READ_PHONE_STATE
ADDED from src\main\AndroidManifest.xml:15:5-75
MERGED from [cn.jiguang.sdk:jmessage:2.7.0] AndroidManifest.xml:20:5-75
MERGED from [cn.jiguang.sdk:jmessage:2.7.0] AndroidManifest.xml:20:5-75
MERGED from [cn.finalteam:toolsfinal:1.1.5] AndroidManifest.xml:18:5-75
MERGED from [cn.finalteam:toolsfinal:1.1.5] AndroidManifest.xml:18:5-75
	android:name
		ADDED from src\main\AndroidManifest.xml:15:22-72
uses-permission#android.permission.WRITE_EXTERNAL_STORAGE
ADDED from src\main\AndroidManifest.xml:16:5-81
MERGED from [cn.finalteam:galleryfinal:1.4.8.7] AndroidManifest.xml:14:5-81
MERGED from [cn.finalteam:galleryfinal:1.4.8.7] AndroidManifest.xml:14:5-81
MERGED from [cn.jiguang.sdk:jmessage:2.7.0] AndroidManifest.xml:21:5-81
MERGED from [cn.jiguang.sdk:jmessage:2.7.0] AndroidManifest.xml:21:5-81
MERGED from [cn.finalteam:toolsfinal:1.1.5] AndroidManifest.xml:14:5-81
MERGED from [cn.finalteam:toolsfinal:1.1.5] AndroidManifest.xml:14:5-81
	android:name
		ADDED from src\main\AndroidManifest.xml:16:22-78
uses-permission#android.permission.READ_EXTERNAL_STORAGE
ADDED from src\main\AndroidManifest.xml:17:5-80
MERGED from [cn.finalteam:galleryfinal:1.4.8.7] AndroidManifest.xml:16:5-80
MERGED from [cn.finalteam:galleryfinal:1.4.8.7] AndroidManifest.xml:16:5-80
MERGED from [cn.jiguang.sdk:jmessage:2.7.0] AndroidManifest.xml:22:5-80
MERGED from [cn.jiguang.sdk:jmessage:2.7.0] AndroidManifest.xml:22:5-80
MERGED from [cn.finalteam:toolsfinal:1.1.5] AndroidManifest.xml:16:5-80
MERGED from [cn.finalteam:toolsfinal:1.1.5] AndroidManifest.xml:16:5-80
	android:name
		ADDED from src\main\AndroidManifest.xml:17:22-77
uses-permission#android.permission.VIBRATE
ADDED from src\main\AndroidManifest.xml:18:5-66
MERGED from [cn.jiguang.sdk:jmessage:2.7.0] AndroidManifest.xml:23:5-66
MERGED from [cn.jiguang.sdk:jmessage:2.7.0] AndroidManifest.xml:23:5-66
	android:name
		ADDED from src\main\AndroidManifest.xml:18:22-63
uses-permission#android.permission.MOUNT_UNMOUNT_FILESYSTEMS
ADDED from src\main\AndroidManifest.xml:19:5-84
MERGED from [cn.finalteam:galleryfinal:1.4.8.7] AndroidManifest.xml:12:5-84
MERGED from [cn.finalteam:galleryfinal:1.4.8.7] AndroidManifest.xml:12:5-84
MERGED from [cn.jiguang.sdk:jmessage:2.7.0] AndroidManifest.xml:24:5-84
MERGED from [cn.jiguang.sdk:jmessage:2.7.0] AndroidManifest.xml:24:5-84
MERGED from [cn.finalteam:toolsfinal:1.1.5] AndroidManifest.xml:12:5-84
MERGED from [cn.finalteam:toolsfinal:1.1.5] AndroidManifest.xml:12:5-84
	android:name
		ADDED from src\main\AndroidManifest.xml:19:22-81
uses-permission#android.permission.ACCESS_NETWORK_STATE
ADDED from src\main\AndroidManifest.xml:20:5-79
MERGED from [cn.jiguang.sdk:jmessage:2.7.0] AndroidManifest.xml:25:5-79
MERGED from [cn.jiguang.sdk:jmessage:2.7.0] AndroidManifest.xml:25:5-79
MERGED from [cn.finalteam:toolsfinal:1.1.5] AndroidManifest.xml:24:5-79
MERGED from [cn.finalteam:toolsfinal:1.1.5] AndroidManifest.xml:24:5-79
	android:name
		ADDED from src\main\AndroidManifest.xml:20:22-76
uses-permission#android.permission.WRITE_SETTINGS
ADDED from src\main\AndroidManifest.xml:21:5-73
MERGED from [cn.jiguang.sdk:jmessage:2.7.0] AndroidManifest.xml:26:5-73
MERGED from [cn.jiguang.sdk:jmessage:2.7.0] AndroidManifest.xml:26:5-73
	android:name
		ADDED from src\main\AndroidManifest.xml:21:22-70
uses-permission#android.permission.ACCESS_WIFI_STATE
ADDED from src\main\AndroidManifest.xml:22:5-76
MERGED from [cn.jiguang.sdk:jmessage:2.7.0] AndroidManifest.xml:27:5-76
MERGED from [cn.jiguang.sdk:jmessage:2.7.0] AndroidManifest.xml:27:5-76
MERGED from [cn.finalteam:toolsfinal:1.1.5] AndroidManifest.xml:20:5-76
MERGED from [cn.finalteam:toolsfinal:1.1.5] AndroidManifest.xml:20:5-76
	android:name
		ADDED from src\main\AndroidManifest.xml:22:22-73
uses-permission#android.permission.SYSTEM_ALERT_WINDOW
ADDED from src\main\AndroidManifest.xml:25:5-78
MERGED from [cn.jiguang.sdk:jmessage:2.7.0] AndroidManifest.xml:30:5-78
MERGED from [cn.jiguang.sdk:jmessage:2.7.0] AndroidManifest.xml:30:5-78
	android:name
		ADDED from src\main\AndroidManifest.xml:25:22-75
uses-permission#android.permission.ACCESS_COARSE_LOCATION
ADDED from src\main\AndroidManifest.xml:26:5-81
MERGED from [cn.jiguang.sdk:jmessage:2.7.0] AndroidManifest.xml:31:5-81
MERGED from [cn.jiguang.sdk:jmessage:2.7.0] AndroidManifest.xml:31:5-81
	android:name
		ADDED from src\main\AndroidManifest.xml:26:22-78
uses-permission#android.permission.ACCESS_FINE_LOCATION
ADDED from src\main\AndroidManifest.xml:27:5-79
MERGED from [cn.jiguang.sdk:jmessage:2.7.0] AndroidManifest.xml:32:5-79
MERGED from [cn.jiguang.sdk:jmessage:2.7.0] AndroidManifest.xml:32:5-79
	android:name
		ADDED from src\main\AndroidManifest.xml:27:22-76
uses-permission#android.permission.ACCESS_LOCATION_EXTRA_COMMANDS
ADDED from src\main\AndroidManifest.xml:28:5-89
MERGED from [cn.jiguang.sdk:jmessage:2.7.0] AndroidManifest.xml:33:5-89
MERGED from [cn.jiguang.sdk:jmessage:2.7.0] AndroidManifest.xml:33:5-89
	android:name
		ADDED from src\main\AndroidManifest.xml:28:22-86
uses-permission#android.permission.CHANGE_WIFI_STATE
ADDED from src\main\AndroidManifest.xml:29:5-76
MERGED from [cn.jiguang.sdk:jmessage:2.7.0] AndroidManifest.xml:34:5-76
MERGED from [cn.jiguang.sdk:jmessage:2.7.0] AndroidManifest.xml:34:5-76
	android:name
		ADDED from src\main\AndroidManifest.xml:29:22-73
uses-permission#android.permission.CHANGE_NETWORK_STATE
ADDED from src\main\AndroidManifest.xml:30:5-79
MERGED from [cn.jiguang.sdk:jmessage:2.7.0] AndroidManifest.xml:35:5-79
MERGED from [cn.jiguang.sdk:jmessage:2.7.0] AndroidManifest.xml:35:5-79
	android:name
		ADDED from src\main\AndroidManifest.xml:30:22-76
uses-permission#android.permission.GET_TASKS
ADDED from src\main\AndroidManifest.xml:31:5-68
MERGED from [cn.finalteam:toolsfinal:1.1.5] AndroidManifest.xml:22:5-68
MERGED from [cn.finalteam:toolsfinal:1.1.5] AndroidManifest.xml:22:5-68
	android:name
		ADDED from src\main\AndroidManifest.xml:31:22-65
uses-permission#android.permission.CALL_PHONE
ADDED from src\main\AndroidManifest.xml:36:5-69
MERGED from [cn.finalteam:toolsfinal:1.1.5] AndroidManifest.xml:26:5-69
MERGED from [cn.finalteam:toolsfinal:1.1.5] AndroidManifest.xml:26:5-69
	android:name
		ADDED from src\main\AndroidManifest.xml:36:22-66
uses-permission#android.permission.SEND_SMS
ADDED from src\main\AndroidManifest.xml:37:5-67
	android:name
		ADDED from src\main\AndroidManifest.xml:37:22-64
application
ADDED from src\main\AndroidManifest.xml:39:5-299:19
MERGED from [:reclib-qq] AndroidManifest.xml:11:5-15:19
MERGED from [:reclib-qq] AndroidManifest.xml:11:5-15:19
MERGED from [com.liaoinstan.springview:library:1.5.0] AndroidManifest.xml:11:5-15:19
MERGED from [com.liaoinstan.springview:library:1.5.0] AndroidManifest.xml:11:5-15:19
MERGED from [com.github.gittjy:LoadingDialog:1.0.2] AndroidManifest.xml:11:5-15:19
MERGED from [com.github.gittjy:LoadingDialog:1.0.2] AndroidManifest.xml:11:5-15:19
MERGED from [liji.library.dev:citypickerview:1.1.0] AndroidManifest.xml:11:5-17:19
MERGED from [liji.library.dev:citypickerview:1.1.0] AndroidManifest.xml:11:5-17:19
MERGED from [com.android.support.constraint:constraint-layout:1.1.2] AndroidManifest.xml:9:5-20
MERGED from [com.android.support.constraint:constraint-layout:1.1.2] AndroidManifest.xml:9:5-20
MERGED from [com.mylhyl:circleDialog:2.6.6] AndroidManifest.xml:11:5-20
MERGED from [com.mylhyl:circleDialog:2.6.6] AndroidManifest.xml:11:5-20
MERGED from [cn.finalteam:galleryfinal:1.4.8.7] AndroidManifest.xml:18:5-34:19
MERGED from [cn.finalteam:galleryfinal:1.4.8.7] AndroidManifest.xml:18:5-34:19
MERGED from [cn.jiguang.sdk:jmessage:2.7.0] AndroidManifest.xml:42:5-119:19
MERGED from [cn.jiguang.sdk:jmessage:2.7.0] AndroidManifest.xml:42:5-119:19
MERGED from [cn.jiguang.sdk:jcore:1.2.3] AndroidManifest.xml:11:5-12:19
MERGED from [cn.jiguang.sdk:jcore:1.2.3] AndroidManifest.xml:11:5-12:19
MERGED from [com.android.support:cardview-v7:26.1.0] AndroidManifest.xml:22:5-26:19
MERGED from [com.android.support:cardview-v7:26.1.0] AndroidManifest.xml:22:5-26:19
MERGED from [com.github.mcxtzhang:SwipeDelMenuLayout:V1.3.0] AndroidManifest.xml:11:5-20
MERGED from [com.github.mcxtzhang:SwipeDelMenuLayout:V1.3.0] AndroidManifest.xml:11:5-20
MERGED from [androidx.core:core:1.0.0] AndroidManifest.xml:22:5-89
MERGED from [androidx.core:core:1.0.0] AndroidManifest.xml:22:5-89
MERGED from [androidx.versionedparcelable:versionedparcelable:1.0.0] AndroidManifest.xml:22:5-23:19
MERGED from [androidx.versionedparcelable:versionedparcelable:1.0.0] AndroidManifest.xml:22:5-23:19
	android:appComponentFactory
		ADDED from [androidx.core:core:1.0.0] AndroidManifest.xml:22:18-86
	android:supportsRtl
		ADDED from [:reclib-qq] AndroidManifest.xml:14:9-35
	android:label
		ADDED from src\main\AndroidManifest.xml:43:9-41
	android:largeHeap
		ADDED from [cn.finalteam:galleryfinal:1.4.8.7] AndroidManifest.xml:20:9-33
	android:icon
		ADDED from src\main\AndroidManifest.xml:42:9-43
	android:allowBackup
		ADDED from src\main\AndroidManifest.xml:41:9-35
	android:theme
		ADDED from src\main\AndroidManifest.xml:44:9-46
	tools:replace
		ADDED from src\main\AndroidManifest.xml:45:9-38
	android:name
		ADDED from src\main\AndroidManifest.xml:40:9-50
activity#cn.com.xxdoctor.activity.main.SplashActivity
ADDED from src\main\AndroidManifest.xml:46:9-54:20
	android:theme
		ADDED from src\main\AndroidManifest.xml:48:13-49
	android:name
		ADDED from src\main\AndroidManifest.xml:47:13-57
intent-filter#android.intent.action.MAIN+android.intent.category.LAUNCHER
ADDED from src\main\AndroidManifest.xml:49:13-53:29
action#android.intent.action.MAIN
ADDED from src\main\AndroidManifest.xml:50:17-69
	android:name
		ADDED from src\main\AndroidManifest.xml:50:25-66
category#android.intent.category.LAUNCHER
ADDED from src\main\AndroidManifest.xml:52:17-77
	android:name
		ADDED from src\main\AndroidManifest.xml:52:27-74
service#cn.jpush.android.service.PushService
ADDED from src\main\AndroidManifest.xml:56:9-59:36
REJECTED from [cn.jiguang.sdk:jmessage:2.7.0] AndroidManifest.xml:46:9-57:19
	tools:node
		ADDED from src\main\AndroidManifest.xml:59:13-33
	android:process
		ADDED from src\main\AndroidManifest.xml:58:13-44
	android:name
		ADDED from src\main\AndroidManifest.xml:57:13-64
activity#cn.com.xxdoctor.activity.main.MainActivity
ADDED from src\main\AndroidManifest.xml:61:9-64
	android:name
		ADDED from src\main\AndroidManifest.xml:61:19-61
activity#cn.com.xxdoctor.activity.patientCenter.PatientInfoActivity
ADDED from src\main\AndroidManifest.xml:62:9-80
	android:name
		ADDED from src\main\AndroidManifest.xml:62:19-77
activity#cn.com.xxdoctor.activity.patientCenter.AddPatientInfoActivity
ADDED from src\main\AndroidManifest.xml:63:9-83
	android:name
		ADDED from src\main\AndroidManifest.xml:63:19-80
activity#cn.com.xxdoctor.activity.tag.TagManageActivity
ADDED from src\main\AndroidManifest.xml:64:9-68
	android:name
		ADDED from src\main\AndroidManifest.xml:64:19-65
activity#cn.com.xxdoctor.activity.suiFangRecord.SuiFangListActivity
ADDED from src\main\AndroidManifest.xml:65:9-80
	android:name
		ADDED from src\main\AndroidManifest.xml:65:19-77
activity#cn.com.xxdoctor.activity.suiFangRecord.AddSuiFangJiluActivity
ADDED from src\main\AndroidManifest.xml:66:9-83
	android:name
		ADDED from src\main\AndroidManifest.xml:66:19-80
activity#cn.com.xxdoctor.activity.suiFangFangAn.AddSuiFangFangAnActivity
ADDED from src\main\AndroidManifest.xml:67:9-85
	android:name
		ADDED from src\main\AndroidManifest.xml:67:19-82
activity#cn.com.xxdoctor.activity.main.SuiFangManageActivity
ADDED from src\main\AndroidManifest.xml:68:9-73
	android:name
		ADDED from src\main\AndroidManifest.xml:68:19-70
activity#cn.com.xxdoctor.activity.main.LoginActivity
ADDED from src\main\AndroidManifest.xml:69:9-65
	android:name
		ADDED from src\main\AndroidManifest.xml:69:19-62
activity#cn.com.xxdoctor.activity.bingChengGuanLi.BingChengManageListActivity
ADDED from src\main\AndroidManifest.xml:70:9-90
	android:name
		ADDED from src\main\AndroidManifest.xml:70:19-87
activity#cn.com.xxdoctor.activity.tag.SelectPatientTagActivity
ADDED from src\main\AndroidManifest.xml:71:9-75
	android:name
		ADDED from src\main\AndroidManifest.xml:71:19-72
activity#cn.com.xxdoctor.activity.suiFangFangAn.SuiFangFangAnActivity
ADDED from src\main\AndroidManifest.xml:72:9-82
	android:name
		ADDED from src\main\AndroidManifest.xml:72:19-79
activity#cn.com.xxdoctor.activity.bingChengGuanLi.BingChengSelectActivity
ADDED from src\main\AndroidManifest.xml:73:9-86
	android:name
		ADDED from src\main\AndroidManifest.xml:73:19-83
activity#cn.com.xxdoctor.activity.bingChengGuanLi.BianZheng.AddBianZhengLunZhiActivity
ADDED from src\main\AndroidManifest.xml:74:9-99
	android:name
		ADDED from src\main\AndroidManifest.xml:74:19-96
activity#cn.com.xxdoctor.activity.bingChengGuanLi.BianZheng.BianZhengLunDetailZhiActivity
ADDED from src\main\AndroidManifest.xml:75:9-102
	android:name
		ADDED from src\main\AndroidManifest.xml:75:19-99
activity#cn.com.xxdoctor.activity.patientCenter.PatientListActivity
ADDED from src\main\AndroidManifest.xml:76:9-80
	android:name
		ADDED from src\main\AndroidManifest.xml:76:19-77
activity#cn.com.xxdoctor.activity.bingChengGuanLi.PictureUpDataActivity
ADDED from src\main\AndroidManifest.xml:77:9-84
	android:name
		ADDED from src\main\AndroidManifest.xml:77:19-81
activity#cn.com.xxdoctor.activity.bingChengGuanLi.LiangBiao.LiangBiaoSelectActivity
ADDED from src\main\AndroidManifest.xml:78:9-96
	android:name
		ADDED from src\main\AndroidManifest.xml:78:19-93
activity#cn.com.xxdoctor.activity.bingChengGuanLi.LiangBiao.LiangBiaoSelectDetailActivity
ADDED from src\main\AndroidManifest.xml:79:9-102
	android:name
		ADDED from src\main\AndroidManifest.xml:79:19-99
activity#cn.com.xxdoctor.activity.bingChengGuanLi.LiangBiao.AddLiangBiaoInfoActivity
ADDED from src\main\AndroidManifest.xml:80:9-97
	android:name
		ADDED from src\main\AndroidManifest.xml:80:19-94
activity#cn.com.xxdoctor.activity.bingChengGuanLi.BingChengBaoGaoActivity
ADDED from src\main\AndroidManifest.xml:81:9-86
	android:name
		ADDED from src\main\AndroidManifest.xml:81:19-83
activity#cn.com.xxdoctor.chat.activity.ChatActivity
ADDED from src\main\AndroidManifest.xml:82:9-64
	android:name
		ADDED from src\main\AndroidManifest.xml:82:19-61
activity#cn.com.xxdoctor.chat.activity.ChatDetailActivity
ADDED from src\main\AndroidManifest.xml:83:9-70
	android:name
		ADDED from src\main\AndroidManifest.xml:83:19-67
activity#cn.com.xxdoctor.chat.activity.FinishRegisterActivity
ADDED from src\main\AndroidManifest.xml:84:9-87:58
	android:screenOrientation
		ADDED from src\main\AndroidManifest.xml:86:13-49
	android:windowSoftInputMode
		ADDED from src\main\AndroidManifest.xml:87:13-55
	android:name
		ADDED from src\main\AndroidManifest.xml:85:13-65
activity#cn.com.xxdoctor.chat.activity.ResetPasswordActivity
ADDED from src\main\AndroidManifest.xml:88:9-90:52
	android:screenOrientation
		ADDED from src\main\AndroidManifest.xml:90:13-49
	android:name
		ADDED from src\main\AndroidManifest.xml:89:13-64
activity#cn.com.xxdoctor.chat.activity.FeedbackActivity
ADDED from src\main\AndroidManifest.xml:91:9-93:52
	android:screenOrientation
		ADDED from src\main\AndroidManifest.xml:93:13-49
	android:name
		ADDED from src\main\AndroidManifest.xml:92:13-59
activity#cn.com.xxdoctor.chat.activity.AboutJChatActivity
ADDED from src\main\AndroidManifest.xml:94:9-96:52
	android:screenOrientation
		ADDED from src\main\AndroidManifest.xml:96:13-49
	android:name
		ADDED from src\main\AndroidManifest.xml:95:13-61
activity#cn.com.xxdoctor.chat.activity.PersonalActivity
ADDED from src\main\AndroidManifest.xml:98:9-100:52
	android:screenOrientation
		ADDED from src\main\AndroidManifest.xml:100:13-49
	android:name
		ADDED from src\main\AndroidManifest.xml:99:13-59
activity#cn.com.xxdoctor.chat.activity.NickSignActivity
ADDED from src\main\AndroidManifest.xml:101:9-103:52
	android:screenOrientation
		ADDED from src\main\AndroidManifest.xml:103:13-49
	android:name
		ADDED from src\main\AndroidManifest.xml:102:13-59
activity#cn.com.xxdoctor.chat.activity.SearchForAddFriendActivity
ADDED from src\main\AndroidManifest.xml:104:9-106:52
	android:screenOrientation
		ADDED from src\main\AndroidManifest.xml:106:13-49
	android:name
		ADDED from src\main\AndroidManifest.xml:105:13-69
activity#cn.com.xxdoctor.chat.activity.SearchFriendInfoActivity
ADDED from src\main\AndroidManifest.xml:107:9-109:52
	android:screenOrientation
		ADDED from src\main\AndroidManifest.xml:109:13-49
	android:name
		ADDED from src\main\AndroidManifest.xml:108:13-67
activity#cn.com.xxdoctor.chat.activity.VerificationActivity
ADDED from src\main\AndroidManifest.xml:110:9-112:52
	android:screenOrientation
		ADDED from src\main\AndroidManifest.xml:112:13-49
	android:name
		ADDED from src\main\AndroidManifest.xml:111:13-63
activity#cn.com.xxdoctor.chat.activity.FriendRecommendActivity
ADDED from src\main\AndroidManifest.xml:113:9-115:52
	android:screenOrientation
		ADDED from src\main\AndroidManifest.xml:115:13-49
	android:name
		ADDED from src\main\AndroidManifest.xml:114:13-66
activity#cn.com.xxdoctor.chat.activity.SearchFriendDetailActivity
ADDED from src\main\AndroidManifest.xml:116:9-118:52
	android:screenOrientation
		ADDED from src\main\AndroidManifest.xml:118:13-49
	android:name
		ADDED from src\main\AndroidManifest.xml:117:13-69
activity#cn.com.xxdoctor.chat.activity.SearchContactsActivity
ADDED from src\main\AndroidManifest.xml:119:9-122:58
	android:screenOrientation
		ADDED from src\main\AndroidManifest.xml:121:13-49
	android:windowSoftInputMode
		ADDED from src\main\AndroidManifest.xml:122:13-55
	android:name
		ADDED from src\main\AndroidManifest.xml:120:13-65
activity#cn.com.xxdoctor.chat.utils.imagepicker.ImageBaseActivity
ADDED from src\main\AndroidManifest.xml:123:9-125:52
	android:screenOrientation
		ADDED from src\main\AndroidManifest.xml:125:13-49
	android:name
		ADDED from src\main\AndroidManifest.xml:124:13-69
activity#cn.com.xxdoctor.chat.utils.imagepicker.ImageGridActivity
ADDED from src\main\AndroidManifest.xml:126:9-130:55
	android:screenOrientation
		ADDED from src\main\AndroidManifest.xml:129:13-49
	android:configChanges
		ADDED from src\main\AndroidManifest.xml:128:13-59
	android:theme
		ADDED from src\main\AndroidManifest.xml:130:13-52
	android:name
		ADDED from src\main\AndroidManifest.xml:127:13-69
activity#cn.com.xxdoctor.chat.utils.imagepicker.ImageCropActivity
ADDED from src\main\AndroidManifest.xml:131:9-136:55
	android:screenOrientation
		ADDED from src\main\AndroidManifest.xml:135:13-49
	android:hardwareAccelerated
		ADDED from src\main\AndroidManifest.xml:134:13-48
	android:configChanges
		ADDED from src\main\AndroidManifest.xml:133:13-59
	android:theme
		ADDED from src\main\AndroidManifest.xml:136:13-52
	android:name
		ADDED from src\main\AndroidManifest.xml:132:13-69
activity#cn.com.xxdoctor.chat.utils.imagepicker.ImagePreviewActivity
ADDED from src\main\AndroidManifest.xml:137:9-141:65
	android:screenOrientation
		ADDED from src\main\AndroidManifest.xml:140:13-49
	android:configChanges
		ADDED from src\main\AndroidManifest.xml:139:13-59
	android:theme
		ADDED from src\main\AndroidManifest.xml:141:13-62
	android:name
		ADDED from src\main\AndroidManifest.xml:138:13-72
activity#cn.com.xxdoctor.chat.utils.imagepicker.ImagePreviewDelActivity
ADDED from src\main\AndroidManifest.xml:142:9-145:65
	android:screenOrientation
		ADDED from src\main\AndroidManifest.xml:144:13-49
	android:theme
		ADDED from src\main\AndroidManifest.xml:145:13-62
	android:name
		ADDED from src\main\AndroidManifest.xml:143:13-75
activity#cn.com.xxdoctor.chat.pickerimage.PickerAlbumActivity
ADDED from src\main\AndroidManifest.xml:146:9-148:52
	android:screenOrientation
		ADDED from src\main\AndroidManifest.xml:148:13-49
	android:name
		ADDED from src\main\AndroidManifest.xml:147:13-65
activity#cn.com.xxdoctor.chat.pickerimage.PickerAlbumPreviewActivity
ADDED from src\main\AndroidManifest.xml:149:9-151:52
	android:screenOrientation
		ADDED from src\main\AndroidManifest.xml:151:13-49
	android:name
		ADDED from src\main\AndroidManifest.xml:150:13-72
activity#cn.com.xxdoctor.chat.pickerimage.PickImageActivity
ADDED from src\main\AndroidManifest.xml:152:9-154:52
	android:screenOrientation
		ADDED from src\main\AndroidManifest.xml:154:13-49
	android:name
		ADDED from src\main\AndroidManifest.xml:153:13-63
activity#cn.com.xxdoctor.chat.activity.BrowserViewPagerActivity
ADDED from src\main\AndroidManifest.xml:155:9-157:52
	android:screenOrientation
		ADDED from src\main\AndroidManifest.xml:157:13-49
	android:name
		ADDED from src\main\AndroidManifest.xml:156:13-67
activity#cn.com.xxdoctor.chat.activity.historyfile.activity.BrowserFileImageActivity
ADDED from src\main\AndroidManifest.xml:158:9-160:52
	android:screenOrientation
		ADDED from src\main\AndroidManifest.xml:160:13-49
	android:name
		ADDED from src\main\AndroidManifest.xml:159:13-88
activity#cn.com.xxdoctor.chat.activity.WatchVideoActivity
ADDED from src\main\AndroidManifest.xml:161:9-163:52
	android:screenOrientation
		ADDED from src\main\AndroidManifest.xml:163:13-49
	android:name
		ADDED from src\main\AndroidManifest.xml:162:13-61